c:\users\神樱树屑狐狸\desktop\设计项目\家庭支出管理系统\x64\debug\vc143.pdb
c:\users\神樱树屑狐狸\desktop\设计项目\家庭支出管理系统\x64\debug\vc143.idb
c:\users\神樱树屑狐狸\desktop\设计项目\家庭支出管理系统\x64\debug\sortamount.obj
c:\users\神樱树屑狐狸\desktop\设计项目\家庭支出管理系统\x64\debug\search.obj
c:\users\神樱树屑狐狸\desktop\设计项目\家庭支出管理系统\x64\debug\save_date.obj
c:\users\神樱树屑狐狸\desktop\设计项目\家庭支出管理系统\x64\debug\loadperson.obj
c:\users\神樱树屑狐狸\desktop\设计项目\家庭支出管理系统\x64\debug\inputinformation.obj
c:\users\神樱树屑狐狸\desktop\设计项目\家庭支出管理系统\x64\debug\historicaldata.obj
c:\users\神樱树屑狐狸\desktop\设计项目\家庭支出管理系统\x64\debug\familyamountsystem.obj
c:\users\神樱树屑狐狸\desktop\设计项目\家庭支出管理系统\x64\debug\eachdayamount.obj
c:\users\神樱树屑狐狸\desktop\设计项目\家庭支出管理系统\x64\debug\家庭支出管理系统.ilk
c:\users\神樱树屑狐狸\desktop\设计项目\家庭支出管理系统\x64\debug\家庭支出管理系统.exe
c:\users\神樱树屑狐狸\desktop\设计项目\家庭支出管理系统\x64\debug\家庭支出管理系统.pdb
c:\users\神樱树屑狐狸\desktop\设计项目\家庭支出管理系统\x64\debug\家庭支出管理系统.tlog\cl.command.1.tlog
c:\users\神樱树屑狐狸\desktop\设计项目\家庭支出管理系统\x64\debug\家庭支出管理系统.tlog\cl.items.tlog
c:\users\神樱树屑狐狸\desktop\设计项目\家庭支出管理系统\x64\debug\家庭支出管理系统.tlog\cl.read.1.tlog
c:\users\神樱树屑狐狸\desktop\设计项目\家庭支出管理系统\x64\debug\家庭支出管理系统.tlog\cl.write.1.tlog
c:\users\神樱树屑狐狸\desktop\设计项目\家庭支出管理系统\x64\debug\家庭支出管理系统.tlog\link.command.1.tlog
c:\users\神樱树屑狐狸\desktop\设计项目\家庭支出管理系统\x64\debug\家庭支出管理系统.tlog\link.read.1.tlog
c:\users\神樱树屑狐狸\desktop\设计项目\家庭支出管理系统\x64\debug\家庭支出管理系统.tlog\link.write.1.tlog
